<?xml version="1.0" encoding="UTF-8"?>
<!-- Generated by org.testng.reporters.JUnitXMLReporter -->
<testsuite ignored="0" hostname="DESKTOP-S6O3NGQ" failures="0" tests="4" name="First Test" time="0.158" errors="0" timestamp="2023-12-05T15:28:22 IST">
  <testcase classname="mypack.BeforeAfterannotations" name="testFourMethod" time="0.019"/>
  <testcase classname="mypack.BeforeAfterannotations" name="testOneMethod" time="0.005"/>
  <testcase classname="mypack.BeforeAfterannotations" name="testThreeMethod" time="0.002"/>
  <testcase classname="mypack.BeforeAfterannotations" name="testTwoMethod" time="0.002"/>
</testsuite> <!-- First Test -->
