<?xml version="1.0" encoding="UTF-8"?>
<!-- Generated by org.testng.reporters.JUnitXMLReporter -->
<testsuite ignored="0" hostname="DESKTOP-S6O3NGQ" failures="0" tests="6" name="Class Test Cases" time="0.082" errors="0" timestamp="2023-11-28T15:57:00 IST">
  <testcase classname="mypack.FirstTest" name="firstmethod" time="0.012"/>
  <testcase classname="mypack.FirstTest" name="secondmethod" time="0.002"/>
  <testcase classname="mypack2.FirstTest" name="firstMethod" time="0.002"/>
  <testcase classname="mypack2.FirstTest" name="secondMethod" time="0.002"/>
  <testcase classname="mypack3.FirstTest" name="firstMethod" time="0.002"/>
  <testcase classname="mypack3.FirstTest" name="secondMethod" time="0.002"/>
</testsuite> <!-- Class Test Cases -->
