<?xml version="1.0" encoding="UTF-8"?>
<!-- Generated by org.testng.reporters.JUnitXMLReporter -->
<testsuite ignored="0" hostname="DESKTOP-S6O3NGQ" failures="0" tests="12" name="Package Test Cases" time="0.158" errors="0" timestamp="2023-11-28T16:03:56 IST">
  <testcase classname="mypack.FirstTest" name="firstmethod" time="0.016"/>
  <testcase classname="mypack.FirstTest" name="secondmethod" time="0.002"/>
  <testcase classname="mypack2.FirstTest" name="firstMethod" time="0.003"/>
  <testcase classname="mypack2.FirstTest" name="secondMethod" time="0.003"/>
  <testcase classname="mypack3.FirstTest" name="firstMethod" time="0.002"/>
  <testcase classname="mypack3.FirstTest" name="secondMethod" time="0.003"/>
  <testcase classname="mypack.SecondTest" name="firstMethod" time="0.002"/>
  <testcase classname="mypack.SecondTest" name="secondMethod" time="0.001"/>
  <testcase classname="mypack2.SecondTest" name="firstMethod" time="0.004"/>
  <testcase classname="mypack2.SecondTest" name="secondMethod" time="0.004"/>
  <testcase classname="mypack3.SecondTest" name="firstMethod" time="0.004"/>
  <testcase classname="mypack3.SecondTest" name="secondMethod" time="0.002"/>
</testsuite> <!-- Package Test Cases -->
