<?xml version="1.0" encoding="UTF-8"?>
<!-- Generated by org.testng.reporters.JUnitXMLReporter -->
<testsuite ignored="0" hostname="DESKTOP-S6O3NGQ" failures="1" tests="1" name="Parameterization " time="0.082" errors="0" timestamp="2023-12-05T16:18:36 IST">
  <testcase classname="mypack.Parameterization" name="if_shortlisted" time="0.0">
    <failure type="org.testng.TestNGException" message="
Parameter &amp;apos;reviewer2_marks&amp;apos; is required by @Test on method if_shortlisted but has not been marked @Optional or defined
in D:\Full stack training\selenium_scripts\TestNG\parameterization-test.xml">
      <![CDATA[org.testng.TestNGException: 
Parameter 'reviewer2_marks' is required by @Test on method if_shortlisted but has not been marked @Optional or defined
in D:\Full stack training\selenium_scripts\TestNG\parameterization-test.xml
at java.base/java.util.ArrayList.forEach(ArrayList.java:1511)
... Removed 26 stack frames]]>
    </failure>
  </testcase> <!-- if_shortlisted -->
</testsuite> <!-- Parameterization  -->
